Using pre-set license
Built from '2022.3/staging' branch; Version is '2022.3.42f1 (2dcb6a0abc42) revision 3001194'; Using compiler version '192829333'; Build Type 'Release'
OS: 'Windows 10  (10.0.19045) 64bit Professional' Language: 'zh' Physical Memory: 32581 MB
BatchMode: 1, IsHumanControllingUs: 0, StartBugReporterOnCrash: 0, Is64bit: 1, IsPro: 1

COMMAND LINE ARGUMENTS:
D:\unity\2022.3.42f1\Editor\Unity.exe
-adb2
-batchMode
-noUpm
-name
AssetImportWorker2
-projectPath
D:/工作文件/utah/6100 Techart/TA demo2/2DPixelLights_PixelBot
-logFile
Logs/AssetImportWorker2.log
-srvPort
51626
Successfully changed project path to: D:/工作文件/utah/6100 Techart/TA demo2/2DPixelLights_PixelBot
D:/工作文件/utah/6100 Techart/TA demo2/2DPixelLights_PixelBot
[UnityMemory] Configuration Parameters - Can be set up in boot.config
    "memorysetup-bucket-allocator-granularity=16"
    "memorysetup-bucket-allocator-bucket-count=8"
    "memorysetup-bucket-allocator-block-size=33554432"
    "memorysetup-bucket-allocator-block-count=8"
    "memorysetup-main-allocator-block-size=16777216"
    "memorysetup-thread-allocator-block-size=16777216"
    "memorysetup-gfx-main-allocator-block-size=16777216"
    "memorysetup-gfx-thread-allocator-block-size=16777216"
    "memorysetup-cache-allocator-block-size=4194304"
    "memorysetup-typetree-allocator-block-size=2097152"
    "memorysetup-profiler-bucket-allocator-granularity=16"
    "memorysetup-profiler-bucket-allocator-bucket-count=8"
    "memorysetup-profiler-bucket-allocator-block-size=33554432"
    "memorysetup-profiler-bucket-allocator-block-count=8"
    "memorysetup-profiler-allocator-block-size=16777216"
    "memorysetup-profiler-editor-allocator-block-size=1048576"
    "memorysetup-temp-allocator-size-main=16777216"
    "memorysetup-job-temp-allocator-block-size=2097152"
    "memorysetup-job-temp-allocator-block-size-background=1048576"
    "memorysetup-job-temp-allocator-reduction-small-platforms=262144"
    "memorysetup-allocator-temp-initial-block-size-main=262144"
    "memorysetup-allocator-temp-initial-block-size-worker=262144"
    "memorysetup-temp-allocator-size-background-worker=32768"
    "memorysetup-temp-allocator-size-job-worker=262144"
    "memorysetup-temp-allocator-size-preload-manager=33554432"
    "memorysetup-temp-allocator-size-nav-mesh-worker=65536"
    "memorysetup-temp-allocator-size-audio-worker=65536"
    "memorysetup-temp-allocator-size-cloud-worker=32768"
    "memorysetup-temp-allocator-size-gi-baking-worker=262144"
    "memorysetup-temp-allocator-size-gfx=262144"
Player connection [33832]  Target information:

Player connection [33832]  * "[IP] 192.168.0.22 [Port] 0 [Flags] 2 [Guid] 363975088 [EditorId] 363975088 [Version] 1048832 [Id] WindowsEditor(7,DESKTOP-KAA20TL) [Debug] 1 [PackageName] WindowsEditor [ProjectName] Editor" 

Player connection [33832] Host joined multi-casting on [225.0.0.222:54997]...
Player connection [33832] Host joined alternative multi-casting on [225.0.0.222:34997]...
[PhysX] Initialized MultithreadedTaskDispatcher with 16 workers.
Refreshing native plugins compatible for Editor in 26.94 ms, found 3 plugins.
Preloading 0 native plugins for Editor in 0.00 ms.
Initialize engine version: 2022.3.42f1 (2dcb6a0abc42)
[Subsystems] Discovering subsystems at path D:/unity/2022.3.42f1/Editor/Data/Resources/UnitySubsystems
[Subsystems] Discovering subsystems at path D:/工作文件/utah/6100 Techart/TA demo2/2DPixelLights_PixelBot/Assets
GfxDevice: creating device client; threaded=0; jobified=0
Direct3D:
    Version:  Direct3D 11.0 [level 11.1]
    Renderer: NVIDIA GeForce RTX 3070 Ti (ID=0x2482)
    Vendor:   NVIDIA
    VRAM:     8017 MB
    Driver:   32.0.15.6614
Initialize mono
Mono path[0] = 'D:/unity/2022.3.42f1/Editor/Data/Managed'
Mono path[1] = 'D:/unity/2022.3.42f1/Editor/Data/MonoBleedingEdge/lib/mono/unityjit-win32'
Mono config path = 'D:/unity/2022.3.42f1/Editor/Data/MonoBleedingEdge/etc'
Using monoOptions --debugger-agent=transport=dt_socket,embedding=1,server=y,suspend=n,address=127.0.0.1:56276
Begin MonoManager ReloadAssembly
Registering precompiled unity dll's ...
Register platform support module: D:/unity/2022.3.42f1/Editor/Data/PlaybackEngines/WindowsStandaloneSupport/UnityEditor.WindowsStandalone.Extensions.dll
Registered in 0.019544 seconds.
- Loaded All Assemblies, in  0.493 seconds
Native extension for WindowsStandalone target not found
Mono: successfully reloaded assembly
- Finished resetting the current domain, in  0.329 seconds
Domain Reload Profiling: 817ms
	BeginReloadAssembly (166ms)
		ExecutionOrderSort (0ms)
		DisableScriptedObjects (0ms)
		BackupInstance (0ms)
		ReleaseScriptingObjects (0ms)
		CreateAndSetChildDomain (1ms)
	RebuildCommonClasses (42ms)
	RebuildNativeTypeToScriptingClass (13ms)
	initialDomainReloadingComplete (95ms)
	LoadAllAssembliesAndSetupDomain (170ms)
		LoadAssemblies (161ms)
		RebuildTransferFunctionScriptingTraits (0ms)
		AnalyzeDomain (167ms)
			TypeCache.Refresh (165ms)
				TypeCache.ScanAssembly (149ms)
			ScanForSourceGeneratedMonoScriptInfo (0ms)
			ResolveRequiredComponents (1ms)
	FinalizeReload (330ms)
		ReleaseScriptCaches (0ms)
		RebuildScriptCaches (0ms)
		SetupLoadedEditorAssemblies (275ms)
			LogAssemblyErrors (0ms)
			InitializePlatformSupportModulesInManaged (15ms)
			SetLoadedEditorAssemblies (8ms)
			RefreshPlugins (0ms)
			BeforeProcessingInitializeOnLoad (3ms)
			ProcessInitializeOnLoadAttributes (185ms)
			ProcessInitializeOnLoadMethodAttributes (64ms)
			AfterProcessingInitializeOnLoad (0ms)
			EditorAssembliesLoaded (0ms)
		ExecutionOrderSort2 (0ms)
		AwakeInstancesAfterBackupRestoration (0ms)
========================================================================
Worker process is ready to serve import requests
Caller must complete domain reload
Begin MonoManager ReloadAssembly
- Loaded All Assemblies, in  1.203 seconds
Native extension for WindowsStandalone target not found
Package Manager log level set to [2]
[Package Manager] Server::EnsureServerProcessIsRunning -- launch failed, reason: Unity was launched with the -noUpm command-line argument
[Package Manager] UpmClient::Send -- Unable to send message (not connected to UPM process).
[Package Manager] Cannot connect to Unity Package Manager local server
[Package Manager] Server::EnsureServerProcessIsRunning -- launch failed, reason: Unity was launched with the -noUpm command-line argument
[Package Manager] UpmClient::Send -- Unable to send message (not connected to UPM process).
[Package Manager] Cannot connect to Unity Package Manager local server
Mono: successfully reloaded assembly
[Package Manager] Server::EnsureServerProcessIsRunning -- launch failed, reason: Unity was launched with the -noUpm command-line argument
[Package Manager] UpmClient::Send -- Unable to send message (not connected to UPM process).
[Package Manager] Cannot connect to Unity Package Manager local server
[Package Manager] Server::EnsureServerProcessIsRunning -- launch failed, reason: Unity was launched with the -noUpm command-line argument
[Package Manager] UpmClient::Send -- Unable to send message (not connected to UPM process).
[Package Manager] Cannot connect to Unity Package Manager local server
- Finished resetting the current domain, in  1.361 seconds
Domain Reload Profiling: 2547ms
	BeginReloadAssembly (216ms)
		ExecutionOrderSort (0ms)
		DisableScriptedObjects (7ms)
		BackupInstance (0ms)
		ReleaseScriptingObjects (0ms)
		CreateAndSetChildDomain (22ms)
	RebuildCommonClasses (42ms)
	RebuildNativeTypeToScriptingClass (13ms)
	initialDomainReloadingComplete (72ms)
	LoadAllAssembliesAndSetupDomain (842ms)
		LoadAssemblies (653ms)
		RebuildTransferFunctionScriptingTraits (0ms)
		AnalyzeDomain (325ms)
			TypeCache.Refresh (272ms)
				TypeCache.ScanAssembly (247ms)
			ScanForSourceGeneratedMonoScriptInfo (39ms)
			ResolveRequiredComponents (13ms)
	FinalizeReload (1362ms)
		ReleaseScriptCaches (0ms)
		RebuildScriptCaches (0ms)
		SetupLoadedEditorAssemblies (1116ms)
			LogAssemblyErrors (0ms)
			InitializePlatformSupportModulesInManaged (11ms)
			SetLoadedEditorAssemblies (4ms)
			RefreshPlugins (0ms)
			BeforeProcessingInitializeOnLoad (153ms)
			ProcessInitializeOnLoadAttributes (810ms)
			ProcessInitializeOnLoadMethodAttributes (119ms)
			AfterProcessingInitializeOnLoad (19ms)
			EditorAssembliesLoaded (0ms)
		ExecutionOrderSort2 (0ms)
		AwakeInstancesAfterBackupRestoration (8ms)
Launched and connected shader compiler UnityShaderCompiler.exe after 0.06 seconds
Refreshing native plugins compatible for Editor in 15.76 ms, found 3 plugins.
Preloading 0 native plugins for Editor in 0.00 ms.
Unloading 6272 Unused Serialized files (Serialized files now loaded: 0)
Unloading 169 unused Assets / (13.0 MB). Loaded Objects now: 6638.
Memory consumption went from 300.8 MB to 287.8 MB.
Total: 8.794400 ms (FindLiveObjects: 1.002000 ms CreateObjectMapping: 0.678900 ms MarkObjects: 4.834300 ms  DeleteObjects: 2.277400 ms)

AssetImportParameters requested are different than current active one (requested -> active):
  custom:scripting/monoscript/fileName/StylizerBase.cs: b4c6af6fff065f1c6e39d0113d180214 -> 
  custom:scripting/monoscript/fileName/PaletteEditor.cs: c7f2a19fb297eda84708c8cde6ee4059 -> 
  custom:container-demuxer-ogg: 62fdf1f143b41e24485cea50d1cbac27 -> 
  custom:scripting/monoscript/fileName/StandardShaderBaseEditor.cs: 06455cba803d826baa58c1c3976915ad -> 
  custom:scripting/monoscript/fileName/DiffuseDitheredEditor.cs: dd9e8be586a0f80b8886b697461a6fad -> 
  custom:video-decoder-ogg-theora: a1e56fd34408186e4bbccfd4996cb3dc -> 
  custom:scripting/monoscript/fileName/PostComp.cs: 7b164e57be44119468d0ff1bbd742076 -> 
  custom:scripting/monoscript/fileName/Palette.cs: 07da110081b04918df206ae80b9a4f6e -> 
  custom:framework-win-MediaFoundation: 216162199b28c13a410421893ffa2e32 -> 
  custom:scripting/monoscript/fileName/MF.cs: 6cfa4b8c8f4730d807c306ba71141cdb -> 
  custom:scripting/monoscript/fileName/Pixelation.cs: d3674a819c38d76656a1ed029d7ee9be -> 
  custom:CustomObjectIndexerAttribute: 72b91833f83ae208fae7752999fa3104 -> 
  custom:scripting/monoscript/fileName/StylizerEditor.cs: bd89b8acfb7ee97e86d1992c0473f714 -> 
  custom:container-demuxer-webm: 4f35f7cbe854078d1ac9338744f61a02 -> 
  custom:scripting/monoscript/fileName/DiffuseShaderBaseEditor.cs: 437c415ff69ca5a856c2af808afcf9ac -> 
  custom:scripting/monoscript/fileName/GU.cs: 91eeec303435384e2ede150daddd62e0 -> 
  custom:scripting/monoscript/fileName/GrainComp.cs: b3b7819acaa748b11a2a1b9d782b4444 -> 
  custom:container-muxer-webm: aa71ff27fc2769a1b78a27578f13a17b -> 
  custom:video-decoder-webm-vp8: 9c59270c3fd7afecdb556c50c9e8de78 -> 
  custom:SearchIndexIgnoredProperties: e643bd26f0fe6173181afceb89e7c659 -> 
  custom:AudioImporter_EditorPlatform: d09bf68614088b80899f8185d706f6e7 -> 
  custom:scripting/monoscript/fileName/StandardDitheredEditor.cs: 01e754b0eb793b07b28b93bd397024b8 -> 
  custom:scripting/monoscript/fileName/GrainMod.cs: 488ab28be57c8e4c366320701d0ab6a6 -> 
  custom:scripting/monoscript/fileName/StylizerRenderFeature.cs: 8e6b8b9e2a4772da886c3a8683767413 -> 
  custom:scripting/monoscript/fileName/PostMod.cs: 9231be7cc49b7baff0f91e154671a353 -> 
  custom:scripting/monoscript/fileName/PostCont.cs: c6fcb87def0a868fc625c5e67c91a953 -> 
  custom:video-encoder-webm-vp8: eb34c28f22e8b96e1ab97ce403110664 -> 
  custom:scripting/monoscript/fileName/BeffioDitherEditorUtilities.cs: 96085dc17240e430307937b27d9c83e3 -> 
  custom:audio-decoder-ogg-vorbis: bf7c407c2cedff20999df2af8eb42d56 -> 
  custom:scripting/monoscript/fileName/PatternEditor.cs: e53c533c69150df8cec7d5252cffec98 -> 
  custom:scripting/monoscript/fileName/PostProf.cs: dad42bd3d466a3b537ff2698a9aad77f -> 
  custom:scripting/monoscript/fileName/Stylizer.cs: 77e569e8c4d4d0fdde6a6a4eb47a7d4e -> 
  custom:audio-encoder-webm-vorbis: bf7c407c2cedff20999df2af8eb42d56 -> 
  custom:scripting/monoscript/fileName/RTF.cs: 38d1667479987f0fc327bcf03bbccc64 -> 
  custom:scripting/monoscript/fileName/Pattern.cs: b81507ce00ae4acf1e2b845c41d30900 -> 
========================================================================
Received Import Request.
  Time since last request: 16275.970489 seconds.
  path: Assets/Environment.rar
  artifactKey: Guid(db1fa87243f98354f951e542da72baa8) Importer(815301076,1909f56bfc062723c751e8b465ee728b)
Start importing Assets/Environment.rar using Guid(db1fa87243f98354f951e542da72baa8) Importer(815301076,1909f56bfc062723c751e8b465ee728b) [PhysX] Initialized MultithreadedTaskDispatcher with 16 workers.
 -> (artifact id: '9156fad1f7cb260db37d3d057637d919') in 0.037517 seconds
Number of updated asset objects reloaded before import = 0
Number of asset objects unloaded after import = 1
========================================================================
Received Import Request.
  Time since last request: 5.686864 seconds.
  path: Assets/Full Controller Project
  artifactKey: Guid(fc3efa4a9c12b9f499df41d3036e1e20) Importer(815301076,1909f56bfc062723c751e8b465ee728b)
Start importing Assets/Full Controller Project using Guid(fc3efa4a9c12b9f499df41d3036e1e20) Importer(815301076,1909f56bfc062723c751e8b465ee728b) [PhysX] Initialized MultithreadedTaskDispatcher with 16 workers.
 -> (artifact id: '0bdce499ab7cbb7bdab51a96c6bd9063') in 0.001634 seconds
Number of updated asset objects reloaded before import = 0
Number of asset objects unloaded after import = 0
========================================================================
Received Import Request.
  Time since last request: 10.788727 seconds.
  path: Assets/VFX/Stars/Mat_Particles_Stars.mat
  artifactKey: Guid(0af7cf2f88328fa4d9612a6af047d72e) Importer(815301076,1909f56bfc062723c751e8b465ee728b)
Start importing Assets/VFX/Stars/Mat_Particles_Stars.mat using Guid(0af7cf2f88328fa4d9612a6af047d72e) Importer(815301076,1909f56bfc062723c751e8b465ee728b) [PhysX] Initialized MultithreadedTaskDispatcher with 16 workers.
[PhysX] Initialized MultithreadedTaskDispatcher with 16 workers.
 -> (artifact id: '64545b707647d4027b084510f878eb5a') in 0.605385 seconds
Number of updated asset objects reloaded before import = 0
Number of asset objects unloaded after import = 271
========================================================================
Received Import Request.
  Time since last request: 0.000037 seconds.
  path: Assets/Full Controller Project/Assets/Tarodev 2D Controller/_Demo/Prefabs/Teleport Particles.prefab
  artifactKey: Guid(fae34a622ae77c14a8df46c130f85019) Importer(815301076,1909f56bfc062723c751e8b465ee728b)
Start importing Assets/Full Controller Project/Assets/Tarodev 2D Controller/_Demo/Prefabs/Teleport Particles.prefab using Guid(fae34a622ae77c14a8df46c130f85019) Importer(815301076,1909f56bfc062723c751e8b465ee728b) [PhysX] Initialized MultithreadedTaskDispatcher with 16 workers.
[PhysX] Initialized MultithreadedTaskDispatcher with 16 workers.
 -> (artifact id: '8c125dfdb71ce785caf41f6cacacff11') in 0.035062 seconds
Number of updated asset objects reloaded before import = 0
Number of asset objects unloaded after import = 9
========================================================================
Received Import Request.
  Time since last request: 61.723094 seconds.
  path: Assets/Props/Prefab_Crate.prefab
  artifactKey: Guid(3a2f371778343e84aa018131e42cb8f1) Importer(815301076,1909f56bfc062723c751e8b465ee728b)
Start importing Assets/Props/Prefab_Crate.prefab using Guid(3a2f371778343e84aa018131e42cb8f1) Importer(815301076,1909f56bfc062723c751e8b465ee728b) [PhysX] Initialized MultithreadedTaskDispatcher with 16 workers.
[PhysX] Initialized MultithreadedTaskDispatcher with 16 workers.
 -> (artifact id: '285e79cf01c707c0733857bb258b013a') in 0.037346 seconds
Number of updated asset objects reloaded before import = 0
Number of asset objects unloaded after import = 11
